[11:09:21] [main/INFO]: Setting user: Player204
[11:09:26] [main/INFO]: LWJGL Version: 2.9.4
[11:09:33] [main/INFO]: Reloading ResourceManager: Default, FMLFileResourcePack:Forge Mod Loader, FMLFileResourcePack:Minecraft Forge, FMLFileResourcePack:Starbound Mod
[11:09:35] [Sound Library Loader/INFO]: Starting up SoundSystem...
[11:09:36] [Thread-5/INFO]: Initializing LWJGL OpenAL
[11:09:36] [Thread-5/INFO]: (The LWJGL binding of OpenAL.  For more information, see http://www.lwjgl.org)
[11:09:36] [Thread-5/INFO]: OpenAL initialized.
[11:09:36] [Sound Library Loader/INFO]: Sound engine started
[11:09:41] [main/INFO]: Created: 512x512 textures-atlas
[11:09:43] [main/INFO]: Narrator library for x64 successfully loaded
[11:09:44] [Realms Notification Availability checker #1/INFO]: Could not authorize you against Realms server: Invalid session id
[11:10:04] [Server thread/INFO]: Starting integrated minecraft server version 1.12
[11:10:04] [Server thread/INFO]: Generating keypair
[11:10:06] [Server thread/INFO]: Loaded 488 advancements
[11:10:06] [Server thread/INFO]: Preparing start region for level 0
[11:10:07] [Server thread/INFO]: Preparing spawn area: 6%
[11:10:09] [Server thread/INFO]: Preparing spawn area: 12%
[11:10:10] [Server thread/INFO]: Preparing spawn area: 17%
[11:10:11] [Server thread/INFO]: Preparing spawn area: 26%
[11:10:12] [Server thread/INFO]: Preparing spawn area: 34%
[11:10:13] [Server thread/INFO]: Preparing spawn area: 42%
[11:10:14] [Server thread/INFO]: Preparing spawn area: 51%
[11:10:15] [Server thread/INFO]: Preparing spawn area: 60%
[11:10:16] [Server thread/INFO]: Preparing spawn area: 70%
[11:10:17] [Server thread/INFO]: Preparing spawn area: 80%
[11:10:18] [Server thread/INFO]: Preparing spawn area: 89%
[11:10:19] [Server thread/INFO]: Preparing spawn area: 97%
[11:10:20] [Server thread/INFO]: Changing view distance to 12, from 10
[11:10:21] [Server thread/INFO]: Player204[local:E:91d7d17e] logged in with entity id 2506 at (65.5, 64.0, 184.5)
[11:10:22] [Server thread/INFO]: Player204 joined the game
[11:10:24] [pool-2-thread-1/WARN]: Couldn't look up profile properties for com.mojang.authlib.GameProfile@2d79e05[id=ac41f76c-b1dd-32f9-a5d3-3eb94da3e653,name=Player204,properties={},legacy=false]
com.mojang.authlib.exceptions.AuthenticationException: The client has sent too many requests within a certain amount of time
	at com.mojang.authlib.yggdrasil.YggdrasilAuthenticationService.makeRequest(YggdrasilAuthenticationService.java:79) ~[YggdrasilAuthenticationService.class:?]
	at com.mojang.authlib.yggdrasil.YggdrasilMinecraftSessionService.fillGameProfile(YggdrasilMinecraftSessionService.java:180) [YggdrasilMinecraftSessionService.class:?]
	at com.mojang.authlib.yggdrasil.YggdrasilMinecraftSessionService$1.load(YggdrasilMinecraftSessionService.java:60) [YggdrasilMinecraftSessionService$1.class:?]
	at com.mojang.authlib.yggdrasil.YggdrasilMinecraftSessionService$1.load(YggdrasilMinecraftSessionService.java:57) [YggdrasilMinecraftSessionService$1.class:?]
	at com.google.common.cache.LocalCache$LoadingValueReference.loadFuture(LocalCache.java:3716) [guava-21.0.jar:?]
	at com.google.common.cache.LocalCache$Segment.loadSync(LocalCache.java:2424) [guava-21.0.jar:?]
	at com.google.common.cache.LocalCache$Segment.lockedGetOrLoad(LocalCache.java:2298) [guava-21.0.jar:?]
	at com.google.common.cache.LocalCache$Segment.get(LocalCache.java:2211) [guava-21.0.jar:?]
	at com.google.common.cache.LocalCache.get(LocalCache.java:4154) [guava-21.0.jar:?]
	at com.google.common.cache.LocalCache.getOrLoad(LocalCache.java:4158) [guava-21.0.jar:?]
	at com.google.common.cache.LocalCache$LocalLoadingCache.get(LocalCache.java:5147) [guava-21.0.jar:?]
	at com.google.common.cache.LocalCache$LocalLoadingCache.getUnchecked(LocalCache.java:5153) [guava-21.0.jar:?]
	at com.mojang.authlib.yggdrasil.YggdrasilMinecraftSessionService.fillProfileProperties(YggdrasilMinecraftSessionService.java:170) [YggdrasilMinecraftSessionService.class:?]
	at net.minecraft.client.Minecraft.getProfileProperties(Minecraft.java:3156) [Minecraft.class:?]
	at net.minecraft.client.resources.SkinManager$3.run(SkinManager.java:138) [SkinManager$3.class:?]
	at java.util.concurrent.Executors$RunnableAdapter.call(Executors.java:511) [?:1.8.0_66]
	at java.util.concurrent.FutureTask.run(FutureTask.java:266) [?:1.8.0_66]
	at java.util.concurrent.ThreadPoolExecutor.runWorker(ThreadPoolExecutor.java:1142) [?:1.8.0_66]
	at java.util.concurrent.ThreadPoolExecutor$Worker.run(ThreadPoolExecutor.java:617) [?:1.8.0_66]
	at java.lang.Thread.run(Thread.java:745) [?:1.8.0_66]
[11:10:27] [Server thread/WARN]: Can't keep up! Did the system time change, or is the server overloaded? Running 6498ms behind, skipping 129 tick(s)
[11:10:28] [Server thread/INFO]: Saving and pausing game...
[11:10:28] [Server thread/INFO]: Saving chunks for level 'FUCK YOU FORGE'/overworld
[11:10:29] [Server thread/INFO]: Saving chunks for level 'FUCK YOU FORGE'/the_nether
[11:10:29] [Server thread/INFO]: Saving chunks for level 'FUCK YOU FORGE'/the_end
[11:10:29] [Server thread/INFO]: Stopping server
[11:10:29] [Server thread/INFO]: Saving players
[11:10:29] [Server thread/INFO]: Player204 lost connection: Disconnected
[11:10:29] [Server thread/INFO]: Player204 left the game
[11:10:29] [Server thread/INFO]: Stopping singleplayer server as player logged out
[11:10:29] [Server thread/INFO]: Saving worlds
[11:10:29] [Server thread/INFO]: Saving chunks for level 'FUCK YOU FORGE'/overworld
[11:10:29] [Server thread/INFO]: Saving chunks for level 'FUCK YOU FORGE'/the_nether
[11:10:29] [Server thread/INFO]: Saving chunks for level 'FUCK YOU FORGE'/the_end
[11:10:34] [main/INFO]: Deleting level FUCK YOU FORGE
[11:10:34] [main/INFO]: Attempt 1...
[11:10:49] [Server thread/INFO]: Starting integrated minecraft server version 1.12
[11:10:49] [Server thread/INFO]: Generating keypair
[11:10:50] [Server thread/INFO]: Loaded 488 advancements
[11:10:50] [Server thread/INFO]: Preparing start region for level 0
[11:10:51] [Server thread/INFO]: Changing view distance to 12, from 10
[11:10:51] [Server thread/INFO]: Player204[local:E:e22a54f8] logged in with entity id 4771 at (142.5, 4.0, -1838.5)
[11:10:51] [Server thread/INFO]: Player204 joined the game
[11:10:52] [Server thread/INFO]: Saving and pausing game...
[11:10:52] [Server thread/INFO]: Saving chunks for level 'Test'/overworld
[11:10:52] [Server thread/INFO]: Saving chunks for level 'Test'/the_nether
[11:10:52] [Server thread/INFO]: Saving chunks for level 'Test'/the_end
[11:10:54] [Server thread/INFO]: Saving and pausing game...
[11:10:54] [Server thread/INFO]: Saving chunks for level 'Test'/overworld
[11:10:54] [Server thread/INFO]: Saving chunks for level 'Test'/the_nether
[11:10:55] [Server thread/INFO]: Saving chunks for level 'Test'/the_end
[11:10:57] [Server thread/INFO]: Changing difficulty to PEACEFUL, from NORMAL
[11:11:20] [Server thread/INFO]: Saving and pausing game...
[11:11:21] [Server thread/INFO]: Saving chunks for level 'Test'/overworld
[11:11:21] [Server thread/INFO]: Saving chunks for level 'Test'/the_nether
[11:11:21] [Server thread/INFO]: Saving chunks for level 'Test'/the_end
[11:11:41] [Server thread/INFO]: Saving and pausing game...
[11:11:41] [Server thread/INFO]: Saving chunks for level 'Test'/overworld
[11:11:41] [Server thread/INFO]: Saving chunks for level 'Test'/the_nether
[11:11:41] [Server thread/INFO]: Saving chunks for level 'Test'/the_end
[11:11:41] [Server thread/INFO]: Stopping server
[11:11:41] [Server thread/INFO]: Saving players
[11:11:41] [Server thread/INFO]: Player204 lost connection: Disconnected
[11:11:41] [Server thread/INFO]: Player204 left the game
[11:11:41] [Server thread/INFO]: Stopping singleplayer server as player logged out
[11:11:41] [Server thread/INFO]: Saving worlds
[11:11:41] [Server thread/INFO]: Saving chunks for level 'Test'/overworld
[11:11:41] [Server thread/INFO]: Saving chunks for level 'Test'/the_nether
[11:11:41] [Server thread/INFO]: Saving chunks for level 'Test'/the_end
[11:11:43] [main/INFO]: Stopping!
[11:11:43] [main/INFO]: SoundSystem shutting down...
[11:11:44] [main/WARN]: Author: Paul Lamb, www.paulscode.com
